app/build/intermediates/manifest_merge_blame_file/debug/manifest-merger-blame-debug-report.txt
1<?xml version="1.0" encoding="utf-8"?>
2<manifest xmlns:android="http://schemas.android.com/apk/res/android"
3    package="csci4060.project.aimsmobileapp"
4    android:versionCode="1"
5    android:versionName="1.0" >
6
7    <uses-sdk
8        android:minSdkVersion="28"
8-->src\main\AndroidManifest.xml
9        android:targetSdkVersion="30" />
9-->src\main\AndroidManifest.xml
10
11    <uses-permission android:name="android.permission.ACCESS_NETWORK_STATE" />
11-->src\main\AndroidManifest.xml:5:5-78
11-->src\main\AndroidManifest.xml:5:22-76
12    <uses-permission android:name="android.permission.ACCESS_FINE_LOCATION" />
12-->src\main\AndroidManifest.xml:6:5-79
12-->src\main\AndroidManifest.xml:6:22-76
13    <uses-permission android:name="android.permission.ACCESS_WIFI_STATE" />
13-->src\main\AndroidManifest.xml:7:5-75
13-->src\main\AndroidManifest.xml:7:22-73
14    <uses-permission android:name="android.permission. ACCESS_COARSE_LOCATION" />
14-->src\main\AndroidManifest.xml:8:5-82
14-->src\main\AndroidManifest.xml:8:22-79
15    <uses-permission android:name="android.permission.INTERNET" /> <!-- For taking picture of BOL -->
15-->src\main\AndroidManifest.xml:9:5-67
15-->src\main\AndroidManifest.xml:9:22-64
16    <uses-permission android:name="android.permission.WRITE_EXTERNAL_STORAGE" />
16-->src\main\AndroidManifest.xml:10:5-81
16-->src\main\AndroidManifest.xml:10:22-78
17    <uses-permission android:name="android.permission.CAMERA" />
17-->src\main\AndroidManifest.xml:11:5-65
17-->src\main\AndroidManifest.xml:11:22-62
18    <uses-permission android:name="android.permission.CHANGE_NETWORK_STATE" />
18-->src\main\AndroidManifest.xml:12:5-79
18-->src\main\AndroidManifest.xml:12:22-76
19    <uses-permission android:name="android.permission.CHANGE_WIFI_STATE" />
19-->src\main\AndroidManifest.xml:13:5-76
19-->src\main\AndroidManifest.xml:13:22-73
20    <uses-permission android:name="android.permission.READ_PHONE_STATE" />
20-->src\main\AndroidManifest.xml:14:5-75
20-->src\main\AndroidManifest.xml:14:22-72
21    <uses-permission android:name="android.permission.WAKE_LOCK" />
21-->src\main\AndroidManifest.xml:15:5-68
21-->src\main\AndroidManifest.xml:15:22-65
22    <uses-permission android:name="android.permission.FOREGROUND_SERVICE" />
22-->src\main\AndroidManifest.xml:16:5-77
22-->src\main\AndroidManifest.xml:16:22-74
23
24    <queries>
24-->src\main\AndroidManifest.xml:17:5-21:15
25        <intent>
25-->src\main\AndroidManifest.xml:18:9-20:18
26            <action android:name="android.intent.action.TTS_SERVICE" />
26-->src\main\AndroidManifest.xml:19:13-72
26-->src\main\AndroidManifest.xml:19:21-69
27        </intent>
28    </queries>
29
30    <!-- Don't require camera, as this requires a rear camera. This allows it to work on the Nexus 7 -->
31    <uses-feature
31-->[com.journeyapps:zxing-android-embedded:3.4.0] AndroidManifest.xml:24:5-26:36
32        android:name="android.hardware.camera"
32-->[com.journeyapps:zxing-android-embedded:3.4.0] AndroidManifest.xml:25:9-47
33        android:required="false" />
33-->[com.journeyapps:zxing-android-embedded:3.4.0] AndroidManifest.xml:26:9-33
34    <uses-feature
34-->[com.journeyapps:zxing-android-embedded:3.4.0] AndroidManifest.xml:27:5-29:36
35        android:name="android.hardware.camera.front"
35-->[com.journeyapps:zxing-android-embedded:3.4.0] AndroidManifest.xml:28:9-53
36        android:required="false" /> <!-- TODO replace above two with next line after Android 4.2 -->
36-->[com.journeyapps:zxing-android-embedded:3.4.0] AndroidManifest.xml:29:9-33
37    <!-- <uses-feature android:name="android.hardware.camera.any"/> -->
38    <uses-feature
38-->[com.journeyapps:zxing-android-embedded:3.4.0] AndroidManifest.xml:32:5-34:36
39        android:name="android.hardware.camera.autofocus"
39-->[com.journeyapps:zxing-android-embedded:3.4.0] AndroidManifest.xml:33:9-57
40        android:required="false" />
40-->[com.journeyapps:zxing-android-embedded:3.4.0] AndroidManifest.xml:34:9-33
41    <uses-feature
41-->[com.journeyapps:zxing-android-embedded:3.4.0] AndroidManifest.xml:35:5-37:36
42        android:name="android.hardware.camera.flash"
42-->[com.journeyapps:zxing-android-embedded:3.4.0] AndroidManifest.xml:36:9-53
43        android:required="false" />
43-->[com.journeyapps:zxing-android-embedded:3.4.0] AndroidManifest.xml:37:9-33
44    <uses-feature
44-->[com.journeyapps:zxing-android-embedded:3.4.0] AndroidManifest.xml:38:5-40:36
45        android:name="android.hardware.screen.landscape"
45-->[com.journeyapps:zxing-android-embedded:3.4.0] AndroidManifest.xml:39:9-57
46        android:required="false" />
46-->[com.journeyapps:zxing-android-embedded:3.4.0] AndroidManifest.xml:40:9-33
47    <uses-feature
47-->[com.journeyapps:zxing-android-embedded:3.4.0] AndroidManifest.xml:41:5-43:36
48        android:name="android.hardware.wifi"
48-->[com.journeyapps:zxing-android-embedded:3.4.0] AndroidManifest.xml:42:9-45
49        android:required="false" />
49-->[com.journeyapps:zxing-android-embedded:3.4.0] AndroidManifest.xml:43:9-33
50
51    <application
51-->src\main\AndroidManifest.xml:22:5-67:19
52        android:name="csci4060.project.aimsmobileapp.AIMSApp"
52-->src\main\AndroidManifest.xml:23:9-32
53        android:allowBackup="true"
53-->src\main\AndroidManifest.xml:24:9-35
54        android:appComponentFactory="androidx.core.app.CoreComponentFactory"
54-->[androidx.core:core:1.3.1] AndroidManifest.xml:24:18-86
55        android:debuggable="true"
56        android:extractNativeLibs="false"
57        android:hardwareAccelerated="true"
57-->src\main\AndroidManifest.xml:30:9-43
58        android:icon="@mipmap/ic_launcher"
58-->src\main\AndroidManifest.xml:25:9-43
59        android:label="@string/app_name"
59-->src\main\AndroidManifest.xml:26:9-41
60        android:roundIcon="@mipmap/ic_launcher_round"
60-->src\main\AndroidManifest.xml:27:9-54
61        android:supportsRtl="true"
61-->src\main\AndroidManifest.xml:28:9-35
62        android:testOnly="true"
63        android:theme="@style/Theme.AppCompat.Light" >
63-->src\main\AndroidManifest.xml:29:9-53
64        <meta-data
64-->src\main\AndroidManifest.xml:31:9-33:52
65            android:name="com.here.android.maps.appid"
65-->src\main\AndroidManifest.xml:32:13-55
66            android:value="j7LEff64FIbJ4Goo7b5P" />
66-->src\main\AndroidManifest.xml:33:13-49
67        <meta-data
67-->src\main\AndroidManifest.xml:34:9-36:54
68            android:name="com.here.android.maps.apptoken"
68-->src\main\AndroidManifest.xml:35:13-58
69            android:value="hLyqY-6CXVS-6L6ppVI8Kw" />
69-->src\main\AndroidManifest.xml:36:13-51
70        <meta-data
70-->src\main\AndroidManifest.xml:37:9-39:716
71            android:name="com.here.android.maps.license.key"
71-->src\main\AndroidManifest.xml:38:13-61
72            android:value="TW/zZRjmbhgIlc5TjeQPMaxBksoB0ZMEqPKHr9uWQpSsYWwydgpiZ0fL4Y+yiwB2HjkuVybF+BmFH3fyGgT3TGhg51YpN9oQ7JUSa9OJgMPeqH3zrfOHmozcpIBJFvBpr4rZv9br/EXF+2a5aDjxthI0XXV69/DQRLKnawRFouy0Zn3XRX7fRoWj0mG/3zfng8ucUiK7khFzAQCo0OzS5xdAfHW5x01PKizdXnsCxgtPm86CDAjXGhrPmJX1LA3GZnMwrSOTRjtJFmjb7dVg+FgeEfNpfOqSDHWssWMUSBIGHkCC2zmKi6Qhd4gfx24bSHI3zD8Tb+2OCWENGL6zZitSHB8Yb/sU4wqdACqHtRY3VkBLRnrzET2ppdpqgfXkB9Ht0fo7ilrI0S4uy2O74jfMcKzcxzVpwgX+mA0R1PXqF25Ceb7byugKSaT7TiZzoIsMHzp3R/6JQ9UMqJRTWeOPqQJg6ibTaF7WBwJn3+atUyCOkmBEotNvSxUFJXUOKC3zF70+fs+tGE98BX4uws3+eX4hcYz7H7HDuzrNCEVhiApfyegrmfoXMJo5n3EKgiYI8F747s0ZWTC14d1Yvauq0Zy49FlppC6aMbtxSgSyHiLjrzesmsbCjEUZPHenP9QQBKyE2v5fS7kVj19B2sG+VDvYblr7/xUGk0ZPLrM=" />
72-->src\main\AndroidManifest.xml:39:13-713
73
74        <activity android:name="csci4060.project.aimsmobileapp.UI.SignatureCapture" />
74-->src\main\AndroidManifest.xml:40:9-57
74-->src\main\AndroidManifest.xml:40:19-54
75        <activity android:name="csci4060.project.aimsmobileapp.UI.Activities.DriverInputSiteActivity" />
75-->src\main\AndroidManifest.xml:41:9-75
75-->src\main\AndroidManifest.xml:41:19-72
76        <activity android:name="csci4060.project.aimsmobileapp.UI.Activities.DriverInputSourceActivity" />
76-->src\main\AndroidManifest.xml:42:9-77
76-->src\main\AndroidManifest.xml:42:19-74
77        <activity android:name="csci4060.project.aimsmobileapp.UI.Activities.TripActivity" />
77-->src\main\AndroidManifest.xml:43:9-64
77-->src\main\AndroidManifest.xml:43:19-61
78        <activity android:name="csci4060.project.aimsmobileapp.UI.Activities.MainScreenActivity" />
78-->src\main\AndroidManifest.xml:44:9-70
78-->src\main\AndroidManifest.xml:44:19-67
79        <activity android:name="csci4060.project.aimsmobileapp.UI.Activities.MainActivity" >
79-->src\main\AndroidManifest.xml:45:9-51:20
79-->src\main\AndroidManifest.xml:45:19-61
80            <intent-filter>
80-->src\main\AndroidManifest.xml:46:13-50:29
81                <action android:name="android.intent.action.MAIN" />
81-->src\main\AndroidManifest.xml:47:17-69
81-->src\main\AndroidManifest.xml:47:25-66
82
83                <category android:name="android.intent.category.LAUNCHER" />
83-->src\main\AndroidManifest.xml:49:17-77
83-->src\main\AndroidManifest.xml:49:27-74
84            </intent-filter>
85        </activity> <!-- Barcode Scanner -->
86        <activity
86-->src\main\AndroidManifest.xml:52:9-56:57
87            android:name="csci4060.project.aimsmobileapp.UI.Activities.CaptureActivity"
87-->src\main\AndroidManifest.xml:53:13-58
88            android:screenOrientation="portrait"
88-->src\main\AndroidManifest.xml:54:13-49
89            android:stateNotNeeded="true"
89-->src\main\AndroidManifest.xml:55:13-42
90            android:theme="@style/zxing_CaptureTheme" />
90-->src\main\AndroidManifest.xml:56:13-54
91
92        <provider
92-->src\main\AndroidManifest.xml:58:9-66:20
93            android:name="androidx.core.content.FileProvider"
93-->src\main\AndroidManifest.xml:59:13-62
94            android:authorities="csci4060.project.aimsmobileapp.fileprovider"
94-->src\main\AndroidManifest.xml:60:13-78
95            android:exported="false"
95-->src\main\AndroidManifest.xml:61:13-37
96            android:grantUriPermissions="true" >
96-->src\main\AndroidManifest.xml:62:13-47
97            <meta-data
97-->src\main\AndroidManifest.xml:63:13-65:54
98                android:name="android.support.FILE_PROVIDER_PATHS"
98-->src\main\AndroidManifest.xml:64:17-67
99                android:resource="@xml/file_paths" />
99-->src\main\AndroidManifest.xml:65:17-51
100        </provider>
101
102        <service
102-->[:HERE-sdk:] AndroidManifest.xml:12:9-14:40
103            android:name="com.nokia.maps.MapServiceInternal"
103-->[:HERE-sdk:] AndroidManifest.xml:13:13-61
104            android:exported="false" />
104-->[:HERE-sdk:] AndroidManifest.xml:14:13-37
105        <service
105-->[androidx.room:room-runtime:2.2.6] AndroidManifest.xml:25:9-28:40
106            android:name="androidx.room.MultiInstanceInvalidationService"
106-->[androidx.room:room-runtime:2.2.6] AndroidManifest.xml:26:13-74
107            android:directBootAware="true"
107-->[androidx.room:room-runtime:2.2.6] AndroidManifest.xml:27:13-43
108            android:exported="false" />
108-->[androidx.room:room-runtime:2.2.6] AndroidManifest.xml:28:13-37
109
110        <activity
110-->[com.journeyapps:zxing-android-embedded:3.4.0] AndroidManifest.xml:46:9-52:63
111            android:name="com.journeyapps.barcodescanner.CaptureActivity"
111-->[com.journeyapps:zxing-android-embedded:3.4.0] AndroidManifest.xml:47:13-74
112            android:clearTaskOnLaunch="true"
112-->[com.journeyapps:zxing-android-embedded:3.4.0] AndroidManifest.xml:48:13-45
113            android:screenOrientation="sensorLandscape"
113-->[com.journeyapps:zxing-android-embedded:3.4.0] AndroidManifest.xml:49:13-56
114            android:stateNotNeeded="true"
114-->[com.journeyapps:zxing-android-embedded:3.4.0] AndroidManifest.xml:50:13-42
115            android:theme="@style/zxing_CaptureTheme"
115-->[com.journeyapps:zxing-android-embedded:3.4.0] AndroidManifest.xml:51:13-54
116            android:windowSoftInputMode="stateAlwaysHidden" />
116-->[com.journeyapps:zxing-android-embedded:3.4.0] AndroidManifest.xml:52:13-60
117    </application>
118
119</manifest>